{"C:\\IITC\\QA\\tests project\\server.js": {"path":"C:\\IITC\\QA\\tests project\\server.js","statementMap":{"0":{"start":{"line":1,"column":16},"end":{"line":1,"column":34}},"1":{"start":{"line":2,"column":12},"end":{"line":2,"column":28}},"2":{"start":{"line":3,"column":14},"end":{"line":3,"column":30}},"3":{"start":{"line":4,"column":0},"end":{"line":4,"column":27}},"4":{"start":{"line":6,"column":12},"end":{"line":6,"column":21}},"5":{"start":{"line":7,"column":13},"end":{"line":7,"column":17}},"6":{"start":{"line":9,"column":17},"end":{"line":24,"column":3}},"7":{"start":{"line":25,"column":2},"end":{"line":61,"column":3}},"8":{"start":{"line":26,"column":4},"end":{"line":60,"column":5}},"9":{"start":{"line":27,"column":22},"end":{"line":27,"column":37}},"10":{"start":{"line":28,"column":22},"end":{"line":28,"column":37}},"11":{"start":{"line":29,"column":28},"end":{"line":29,"column":49}},"12":{"start":{"line":30,"column":22},"end":{"line":30,"column":37}},"13":{"start":{"line":31,"column":25},"end":{"line":31,"column":43}},"14":{"start":{"line":36,"column":25},"end":{"line":36,"column":78}},"15":{"start":{"line":37,"column":27},"end":{"line":43,"column":9}},"16":{"start":{"line":45,"column":8},"end":{"line":48,"column":11}},"17":{"start":{"line":58,"column":8},"end":{"line":58,"column":31}},"18":{"start":{"line":59,"column":8},"end":{"line":59,"column":45}},"19":{"start":{"line":65,"column":0},"end":{"line":81,"column":3}},"20":{"start":{"line":66,"column":4},"end":{"line":80,"column":5}},"21":{"start":{"line":68,"column":25},"end":{"line":68,"column":77}},"22":{"start":{"line":70,"column":8},"end":{"line":73,"column":11}},"23":{"start":{"line":78,"column":8},"end":{"line":78,"column":31}},"24":{"start":{"line":79,"column":8},"end":{"line":79,"column":45}},"25":{"start":{"line":83,"column":0},"end":{"line":114,"column":5}},"26":{"start":{"line":84,"column":4},"end":{"line":113,"column":5}},"27":{"start":{"line":85,"column":24},"end":{"line":85,"column":37}},"28":{"start":{"line":86,"column":23},"end":{"line":88,"column":7}},"29":{"start":{"line":90,"column":6},"end":{"line":109,"column":7}},"30":{"start":{"line":91,"column":8},"end":{"line":99,"column":11}},"31":{"start":{"line":101,"column":8},"end":{"line":108,"column":11}},"32":{"start":{"line":111,"column":6},"end":{"line":111,"column":38}},"33":{"start":{"line":112,"column":6},"end":{"line":112,"column":43}},"34":{"start":{"line":116,"column":2},"end":{"line":133,"column":3}},"35":{"start":{"line":117,"column":4},"end":{"line":132,"column":5}},"36":{"start":{"line":119,"column":23},"end":{"line":119,"column":36}},"37":{"start":{"line":120,"column":25},"end":{"line":120,"column":84}},"38":{"start":{"line":122,"column":8},"end":{"line":125,"column":11}},"39":{"start":{"line":130,"column":8},"end":{"line":130,"column":31}},"40":{"start":{"line":131,"column":8},"end":{"line":131,"column":45}},"41":{"start":{"line":135,"column":0},"end":{"line":173,"column":5}},"42":{"start":{"line":136,"column":4},"end":{"line":172,"column":5}},"43":{"start":{"line":137,"column":21},"end":{"line":137,"column":34}},"44":{"start":{"line":140,"column":21},"end":{"line":140,"column":37}},"45":{"start":{"line":141,"column":24},"end":{"line":141,"column":43}},"46":{"start":{"line":142,"column":23},"end":{"line":142,"column":41}},"47":{"start":{"line":144,"column":6},"end":{"line":144,"column":63}},"48":{"start":{"line":145,"column":6},"end":{"line":145,"column":67}},"49":{"start":{"line":148,"column":30},"end":{"line":152,"column":7}},"50":{"start":{"line":154,"column":6},"end":{"line":154,"column":57}},"51":{"start":{"line":157,"column":23},"end":{"line":160,"column":7}},"52":{"start":{"line":162,"column":6},"end":{"line":162,"column":55}},"53":{"start":{"line":165,"column":6},"end":{"line":168,"column":9}},"54":{"start":{"line":170,"column":6},"end":{"line":170,"column":38}},"55":{"start":{"line":171,"column":6},"end":{"line":171,"column":43}},"56":{"start":{"line":178,"column":0},"end":{"line":180,"column":3}},"57":{"start":{"line":179,"column":4},"end":{"line":179,"column":65}},"58":{"start":{"line":182,"column":0},"end":{"line":182,"column":21}}},"fnMap":{"0":{"name":"(anonymous_0)","decl":{"start":{"line":25,"column":32},"end":{"line":25,"column":33}},"loc":{"start":{"line":25,"column":52},"end":{"line":61,"column":1}},"line":25},"1":{"name":"(anonymous_1)","decl":{"start":{"line":65,"column":18},"end":{"line":65,"column":19}},"loc":{"start":{"line":65,"column":38},"end":{"line":81,"column":1}},"line":65},"2":{"name":"(anonymous_2)","decl":{"start":{"line":83,"column":22},"end":{"line":83,"column":23}},"loc":{"start":{"line":83,"column":42},"end":{"line":114,"column":3}},"line":83},"3":{"name":"(anonymous_3)","decl":{"start":{"line":116,"column":26},"end":{"line":116,"column":27}},"loc":{"start":{"line":116,"column":46},"end":{"line":133,"column":1}},"line":116},"4":{"name":"(anonymous_4)","decl":{"start":{"line":135,"column":29},"end":{"line":135,"column":30}},"loc":{"start":{"line":135,"column":49},"end":{"line":173,"column":3}},"line":135},"5":{"name":"(anonymous_5)","decl":{"start":{"line":178,"column":17},"end":{"line":178,"column":18}},"loc":{"start":{"line":178,"column":23},"end":{"line":180,"column":1}},"line":178}},"branchMap":{"0":{"loc":{"start":{"line":90,"column":6},"end":{"line":109,"column":7}},"type":"if","locations":[{"start":{"line":90,"column":6},"end":{"line":109,"column":7}},{"start":{"line":100,"column":13},"end":{"line":109,"column":7}}],"line":90}},"s":{"0":1,"1":1,"2":1,"3":1,"4":1,"5":1,"6":1,"7":1,"8":1,"9":1,"10":1,"11":1,"12":1,"13":1,"14":1,"15":1,"16":1,"17":0,"18":0,"19":1,"20":1,"21":1,"22":1,"23":0,"24":0,"25":1,"26":1,"27":1,"28":1,"29":1,"30":0,"31":1,"32":0,"33":0,"34":1,"35":1,"36":1,"37":1,"38":0,"39":1,"40":1,"41":1,"42":1,"43":1,"44":1,"45":1,"46":1,"47":1,"48":1,"49":1,"50":1,"51":1,"52":1,"53":1,"54":0,"55":0,"56":1,"57":1,"58":1},"f":{"0":1,"1":1,"2":1,"3":1,"4":1,"5":1},"b":{"0":[0,1]},"_coverageSchema":"1a1c01bbd47fc00a2c39e90264f33305004495a9","hash":"2cc32f18f8506cb32c147cf27a81a23e18249ee7"}
}
