TN:
SF:server.js
FN:25,(anonymous_0)
FN:65,(anonymous_1)
FN:83,(anonymous_2)
FN:116,(anonymous_3)
FN:135,(anonymous_4)
FN:178,(anonymous_5)
FNF:6
FNH:6
FNDA:1,(anonymous_0)
FNDA:1,(anonymous_1)
FNDA:1,(anonymous_2)
FNDA:1,(anonymous_3)
FNDA:1,(anonymous_4)
FNDA:1,(anonymous_5)
DA:1,1
DA:2,1
DA:3,1
DA:4,1
DA:6,1
DA:7,1
DA:9,1
DA:25,1
DA:26,1
DA:27,1
DA:28,1
DA:29,1
DA:30,1
DA:31,1
DA:36,1
DA:37,1
DA:45,1
DA:58,0
DA:59,0
DA:65,1
DA:66,1
DA:68,1
DA:70,1
DA:78,0
DA:79,0
DA:83,1
DA:84,1
DA:85,1
DA:86,1
DA:90,1
DA:91,0
DA:101,1
DA:111,0
DA:112,0
DA:116,1
DA:117,1
DA:119,1
DA:120,1
DA:122,0
DA:130,1
DA:131,1
DA:135,1
DA:136,1
DA:137,1
DA:140,1
DA:141,1
DA:142,1
DA:144,1
DA:145,1
DA:148,1
DA:154,1
DA:157,1
DA:162,1
DA:165,1
DA:170,0
DA:171,0
DA:178,1
DA:179,1
DA:182,1
LF:59
LH:49
BRDA:90,0,0,0
BRDA:90,0,1,1
BRF:2
BRH:1
end_of_record
